\BOOKMARK [1][-]{section.1}{Introduction}{}% 1
\BOOKMARK [1][-]{section.2}{Material and Methods}{}% 2
\BOOKMARK [2][-]{subsection.2.1}{Simulations}{section.2}% 3
\BOOKMARK [2][-]{subsection.2.2}{Multivariate Generalized Linear Models}{section.2}% 4
\BOOKMARK [2][-]{subsection.2.3}{Distance Based Redundancy Analysis}{section.2}% 5
\BOOKMARK [2][-]{subsection.2.4}{Canonical Correspondence Analysis}{section.2}% 6
\BOOKMARK [2][-]{subsection.2.5}{Constrained Additive and Quadratic Ordination}{section.2}% 7
\BOOKMARK [2][-]{subsection.2.6}{Software}{section.2}% 8
\BOOKMARK [1][-]{section.3}{Results}{}% 9
\BOOKMARK [2][-]{subsection.3.1}{Multivariate Generalized Linear Models}{section.3}% 10
\BOOKMARK [2][-]{subsection.3.2}{Distance Based Redundancy Analysis}{section.3}% 11
\BOOKMARK [2][-]{subsection.3.3}{Canonical Correspondence Analysis}{section.3}% 12
\BOOKMARK [2][-]{subsection.3.4}{Constrained Additive and Quadratic Ordination}{section.3}% 13
\BOOKMARK [1][-]{section.4}{Discussion}{}% 14
\BOOKMARK [1][-]{section.4}{References}{}% 15
\BOOKMARK [1][-]{section.5}{Supplementary Materials}{}% 16
\BOOKMARK [2][-]{subsection.5.1}{Response Symmetry in GLMs}{section.5}% 17
\BOOKMARK [2][-]{subsection.5.2}{Further Details on Simulations}{section.5}% 18
\BOOKMARK [2][-]{subsection.5.3}{Ordination Diagrams}{section.5}% 19
\BOOKMARK [2][-]{subsection.5.4}{Further Result Statistics}{section.5}% 20
